p12/PowerReceiver/app/build/intermediates/manifest_merge_blame_file/debug/manifest-merger-blame-debug-report.txt
1<?xml version="1.0" encoding="utf-8"?>
2<!--
3  ~ Copyright (C) 2018 Google Inc.
4  ~
5  ~ Licensed under the Apache License, Version 2.0 (the "License");
6  ~ you may not use this file except in compliance with the License.
7  ~ You may obtain a copy of the License at
8  ~
9  ~     http://www.apache.org/licenses/LICENSE-2.0
10  ~
11  ~ Unless required by applicable law or agreed to in writing, software
12  ~ distributed under the License is distributed on an "AS IS" BASIS,
13  ~ WITHOUT WARRANTIES OR CONDITIONS OF ANY KIND, either express or implied.
14  ~ See the License for the specific language governing permissions and
15  ~ limitations under the License.
16-->
17<manifest xmlns:android="http://schemas.android.com/apk/res/android"
18    package="com.android.fundamentals.powerreceiver"
19    android:versionCode="1"
20    android:versionName="1.0" >
21
22    <uses-sdk
23        android:minSdkVersion="15"
23-->src\main\AndroidManifest.xml
24        android:targetSdkVersion="32" />
24-->src\main\AndroidManifest.xml
25
26    <application
26-->src\main\AndroidManifest.xml:19:5-34:19
27        android:allowBackup="true"
27-->src\main\AndroidManifest.xml:20:9-35
28        android:debuggable="true"
29        android:icon="@mipmap/ic_launcher"
29-->src\main\AndroidManifest.xml:21:9-43
30        android:label="@string/app_name"
30-->src\main\AndroidManifest.xml:22:9-41
31        android:roundIcon="@mipmap/ic_launcher_round"
31-->src\main\AndroidManifest.xml:23:9-54
32        android:supportsRtl="true"
32-->src\main\AndroidManifest.xml:24:9-35
33        android:testOnly="true"
34        android:theme="@style/AppTheme" >
34-->src\main\AndroidManifest.xml:25:9-40
35        <activity
35-->src\main\AndroidManifest.xml:26:9-33:20
36            android:name="com.android.fundamentals.powerreceiver.MainActivity"
36-->src\main\AndroidManifest.xml:26:19-47
37            android:exported="true" >
37-->src\main\AndroidManifest.xml:27:13-36
38            <intent-filter>
38-->src\main\AndroidManifest.xml:28:13-32:29
39                <action android:name="android.intent.action.MAIN" />
39-->src\main\AndroidManifest.xml:29:17-69
39-->src\main\AndroidManifest.xml:29:25-66
40
41                <category android:name="android.intent.category.LAUNCHER" />
41-->src\main\AndroidManifest.xml:31:17-77
41-->src\main\AndroidManifest.xml:31:27-74
42            </intent-filter>
43        </activity>
44    </application>
45
46</manifest>